-------------------------------------------------------------------------------
Test set: RegressionTest
-------------------------------------------------------------------------------
Tests run: 3302, Failures: 1, Errors: 0, Skipped: 0, Time elapsed: 0.174 s <<< FAILURE! - in RegressionTest
test3000(RegressionTest5)  Time elapsed: 0 s  <<< FAILURE!
java.lang.AssertionError: 'false' != 'false'
	at RegressionTest5.test3000(RegressionTest5.java:33511)

