<?xml version="1.0" encoding="UTF-8"?>
<testsuite xmlns:xsi="http://www.w3.org/2001/XMLSchema-instance" xsi:noNamespaceSchemaLocation="https://maven.apache.org/surefire/maven-surefire-plugin/xsd/surefire-test-report.xsd" name="project.RegressionTest" time="0.093" tests="532" errors="0" skipped="0" failures="0">
  <properties>
[...]
</properties>
  <testcase name="test001" classname="project.RegressionTest0" time="0"/>
  <testcase name="test002" classname="project.RegressionTest0" time="0"/>
  <testcase name="test003" classname="project.RegressionTest0" time="0"/>
  <testcase name="test004" classname="project.RegressionTest0" time="0"/>
  <testcase name="test005" classname="project.RegressionTest0" time="0"/>
  <testcase name="test006" classname="project.RegressionTest0" time="0"/>
  <testcase name="test007" classname="project.RegressionTest0" time="0"/>
  <testcase name="test008" classname="project.RegressionTest0" time="0"/>
  <testcase name="test009" classname="project.RegressionTest0" time="0"/>
  <testcase name="test010" classname="project.RegressionTest0" time="0.001"/>
  <testcase name="test011" classname="project.RegressionTest0" time="0"/>
  <testcase name="test012" classname="project.RegressionTest0" time="0"/>
  <testcase name="test013" classname="project.RegressionTest0" time="0"/>
  <testcase name="test014" classname="project.RegressionTest0" time="0"/>
  <testcase name="test015" classname="project.RegressionTest0" time="0"/>
  <testcase name="test016" classname="project.RegressionTest0" time="0"/>
  <testcase name="test017" classname="project.RegressionTest0" time="0.001"/>
  <testcase name="test018" classname="project.RegressionTest0" time="0"/>
  <testcase name="test019" classname="project.RegressionTest0" time="0"/>
  <testcase name="test020" classname="project.RegressionTest0" time="0.001"/>
  <testcase name="test021" classname="project.RegressionTest0" time="0.001"/>
  <testcase name="test022" classname="project.RegressionTest0" time="0"/>
  <testcase name="test023" classname="project.RegressionTest0" time="0"/>
  <testcase name="test024" classname="project.RegressionTest0" time="0"/>
  <testcase name="test025" classname="project.RegressionTest0" time="0"/>
  <testcase name="test026" classname="project.RegressionTest0" time="0"/>
  <testcase name="test027" classname="project.RegressionTest0" time="0"/>
  <testcase name="test028" classname="project.RegressionTest0" time="0"/>
  <testcase name="test029" classname="project.RegressionTest0" time="0"/>
  <testcase name="test030" classname="project.RegressionTest0" time="0"/>
  <testcase name="test031" classname="project.RegressionTest0" time="0.001"/>
  <testcase name="test032" classname="project.RegressionTest0" time="0"/>
  <testcase name="test033" classname="project.RegressionTest0" time="0"/>
  <testcase name="test034" classname="project.RegressionTest0" time="0"/>
  <testcase name="test035" classname="project.RegressionTest0" time="0"/>
  <testcase name="test036" classname="project.RegressionTest0" time="0.001"/>
  <testcase name="test037" classname="project.RegressionTest0" time="0"/>
  <testcase name="test038" classname="project.RegressionTest0" time="0"/>
  <testcase name="test039" classname="project.RegressionTest0" time="0.001"/>
  <testcase name="test040" classname="project.RegressionTest0" time="0"/>
  <testcase name="test041" classname="project.RegressionTest0" time="0"/>
  <testcase name="test042" classname="project.RegressionTest0" time="0"/>
  <testcase name="test043" classname="project.RegressionTest0" time="0"/>
  <testcase name="test044" classname="project.RegressionTest0" time="0.001"/>
  <testcase name="test045" classname="project.RegressionTest0" time="0"/>
  <testcase name="test046" classname="project.RegressionTest0" time="0"/>
  <testcase name="test047" classname="project.RegressionTest0" time="0"/>
  <testcase name="test048" classname="project.RegressionTest0" time="0"/>
  <testcase name="test049" classname="project.RegressionTest0" time="0.001"/>
  <testcase name="test050" classname="project.RegressionTest0" time="0"/>
  <testcase name="test051" classname="project.RegressionTest0" time="0"/>
  <testcase name="test052" classname="project.RegressionTest0" time="0"/>
  <testcase name="test053" classname="project.RegressionTest0" time="0"/>
  <testcase name="test054" classname="project.RegressionTest0" time="0"/>
  <testcase name="test055" classname="project.RegressionTest0" time="0.001"/>
  <testcase name="test056" classname="project.RegressionTest0" time="0"/>
  <testcase name="test057" classname="project.RegressionTest0" time="0"/>
  <testcase name="test058" classname="project.RegressionTest0" time="0"/>
  <testcase name="test059" classname="project.RegressionTest0" time="0"/>
  <testcase name="test060" classname="project.RegressionTest0" time="0"/>
  <testcase name="test061" classname="project.RegressionTest0" time="0"/>
  <testcase name="test062" classname="project.RegressionTest0" time="0"/>
  <testcase name="test063" classname="project.RegressionTest0" time="0"/>
  <testcase name="test064" classname="project.RegressionTest0" time="0"/>
  <testcase name="test065" classname="project.RegressionTest0" time="0"/>
  <testcase name="test066" classname="project.RegressionTest0" time="0"/>
  <testcase name="test067" classname="project.RegressionTest0" time="0"/>
  <testcase name="test068" classname="project.RegressionTest0" time="0"/>
  <testcase name="test069" classname="project.RegressionTest0" time="0"/>
  <testcase name="test070" classname="project.RegressionTest0" time="0.001"/>
  <testcase name="test071" classname="project.RegressionTest0" time="0"/>
  <testcase name="test072" classname="project.RegressionTest0" time="0"/>
  <testcase name="test073" classname="project.RegressionTest0" time="0"/>
  <testcase name="test074" classname="project.RegressionTest0" time="0.001"/>
  <testcase name="test075" classname="project.RegressionTest0" time="0"/>
  <testcase name="test076" classname="project.RegressionTest0" time="0"/>
  <testcase name="test077" classname="project.RegressionTest0" time="0"/>
  <testcase name="test078" classname="project.RegressionTest0" time="0.001"/>
  <testcase name="test079" classname="project.RegressionTest0" time="0"/>
  <testcase name="test080" classname="project.RegressionTest0" time="0"/>
  <testcase name="test081" classname="project.RegressionTest0" time="0"/>
  <testcase name="test082" classname="project.RegressionTest0" time="0"/>
  <testcase name="test083" classname="project.RegressionTest0" time="0.001"/>
  <testcase name="test084" classname="project.RegressionTest0" time="0"/>
  <testcase name="test085" classname="project.RegressionTest0" time="0"/>
  <testcase name="test086" classname="project.RegressionTest0" time="0"/>
  <testcase name="test087" classname="project.RegressionTest0" time="0"/>
  <testcase name="test088" classname="project.RegressionTest0" time="0"/>
  <testcase name="test089" classname="project.RegressionTest0" time="0"/>
  <testcase name="test090" classname="project.RegressionTest0" time="0"/>
  <testcase name="test091" classname="project.RegressionTest0" time="0"/>
  <testcase name="test092" classname="project.RegressionTest0" time="0"/>
  <testcase name="test093" classname="project.RegressionTest0" time="0"/>
  <testcase name="test094" classname="project.RegressionTest0" time="0"/>
  <testcase name="test095" classname="project.RegressionTest0" time="0"/>
  <testcase name="test096" classname="project.RegressionTest0" time="0"/>
  <testcase name="test097" classname="project.RegressionTest0" time="0.001"/>
  <testcase name="test098" classname="project.RegressionTest0" time="0"/>
  <testcase name="test099" classname="project.RegressionTest0" time="0"/>
  <testcase name="test100" classname="project.RegressionTest0" time="0"/>
  <testcase name="test101" classname="project.RegressionTest0" time="0"/>
  <testcase name="test102" classname="project.RegressionTest0" time="0"/>
  <testcase name="test103" classname="project.RegressionTest0" time="0"/>
  <testcase name="test104" classname="project.RegressionTest0" time="0"/>
  <testcase name="test105" classname="project.RegressionTest0" time="0"/>
  <testcase name="test106" classname="project.RegressionTest0" time="0"/>
  <testcase name="test107" classname="project.RegressionTest0" time="0"/>
  <testcase name="test108" classname="project.RegressionTest0" time="0"/>
  <testcase name="test109" classname="project.RegressionTest0" time="0"/>
  <testcase name="test110" classname="project.RegressionTest0" time="0"/>
  <testcase name="test111" classname="project.RegressionTest0" time="0"/>
  <testcase name="test112" classname="project.RegressionTest0" time="0"/>
  <testcase name="test113" classname="project.RegressionTest0" time="0"/>
  <testcase name="test114" classname="project.RegressionTest0" time="0"/>
  <testcase name="test115" classname="project.RegressionTest0" time="0.001"/>
  <testcase name="test116" classname="project.RegressionTest0" time="0"/>
  <testcase name="test117" classname="project.RegressionTest0" time="0"/>
  <testcase name="test118" classname="project.RegressionTest0" time="0.001"/>
  <testcase name="test119" classname="project.RegressionTest0" time="0"/>
  <testcase name="test120" classname="project.RegressionTest0" time="0"/>
  <testcase name="test121" classname="project.RegressionTest0" time="0"/>
  <testcase name="test122" classname="project.RegressionTest0" time="0"/>
  <testcase name="test123" classname="project.RegressionTest0" time="0"/>
  <testcase name="test124" classname="project.RegressionTest0" time="0"/>
  <testcase name="test125" classname="project.RegressionTest0" time="0"/>
  <testcase name="test126" classname="project.RegressionTest0" time="0"/>
  <testcase name="test127" classname="project.RegressionTest0" time="0"/>
  <testcase name="test128" classname="project.RegressionTest0" time="0"/>
  <testcase name="test129" classname="project.RegressionTest0" time="0"/>
  <testcase name="test130" classname="project.RegressionTest0" time="0"/>
  <testcase name="test131" classname="project.RegressionTest0" time="0"/>
  <testcase name="test132" classname="project.RegressionTest0" time="0"/>
  <testcase name="test133" classname="project.RegressionTest0" time="0"/>
  <testcase name="test134" classname="project.RegressionTest0" time="0"/>
  <testcase name="test135" classname="project.RegressionTest0" time="0"/>
  <testcase name="test136" classname="project.RegressionTest0" time="0"/>
  <testcase name="test137" classname="project.RegressionTest0" time="0"/>
  <testcase name="test138" classname="project.RegressionTest0" time="0"/>
  <testcase name="test139" classname="project.RegressionTest0" time="0.001"/>
  <testcase name="test140" classname="project.RegressionTest0" time="0"/>
  <testcase name="test141" classname="project.RegressionTest0" time="0"/>
  <testcase name="test142" classname="project.RegressionTest0" time="0"/>
  <testcase name="test143" classname="project.RegressionTest0" time="0"/>
  <testcase name="test144" classname="project.RegressionTest0" time="0.001"/>
  <testcase name="test145" classname="project.RegressionTest0" time="0"/>
  <testcase name="test146" classname="project.RegressionTest0" time="0"/>
  <testcase name="test147" classname="project.RegressionTest0" time="0"/>
  <testcase name="test148" classname="project.RegressionTest0" time="0"/>
  <testcase name="test149" classname="project.RegressionTest0" time="0"/>
  <testcase name="test150" classname="project.RegressionTest0" time="0"/>
  <testcase name="test151" classname="project.RegressionTest0" time="0.001"/>
  <testcase name="test152" classname="project.RegressionTest0" time="0"/>
  <testcase name="test153" classname="project.RegressionTest0" time="0"/>
  <testcase name="test154" classname="project.RegressionTest0" time="0"/>
  <testcase name="test155" classname="project.RegressionTest0" time="0"/>
  <testcase name="test156" classname="project.RegressionTest0" time="0"/>
  <testcase name="test157" classname="project.RegressionTest0" time="0"/>
  <testcase name="test158" classname="project.RegressionTest0" time="0"/>
  <testcase name="test159" classname="project.RegressionTest0" time="0.001"/>
  <testcase name="test160" classname="project.RegressionTest0" time="0"/>
  <testcase name="test161" classname="project.RegressionTest0" time="0"/>
  <testcase name="test162" classname="project.RegressionTest0" time="0"/>
  <testcase name="test163" classname="project.RegressionTest0" time="0"/>
  <testcase name="test164" classname="project.RegressionTest0" time="0"/>
  <testcase name="test165" classname="project.RegressionTest0" time="0"/>
  <testcase name="test166" classname="project.RegressionTest0" time="0"/>
  <testcase name="test167" classname="project.RegressionTest0" time="0"/>
  <testcase name="test168" classname="project.RegressionTest0" time="0.001"/>
  <testcase name="test169" classname="project.RegressionTest0" time="0"/>
  <testcase name="test170" classname="project.RegressionTest0" time="0"/>
  <testcase name="test171" classname="project.RegressionTest0" time="0"/>
  <testcase name="test172" classname="project.RegressionTest0" time="0"/>
  <testcase name="test173" classname="project.RegressionTest0" time="0"/>
  <testcase name="test174" classname="project.RegressionTest0" time="0"/>
  <testcase name="test175" classname="project.RegressionTest0" time="0"/>
  <testcase name="test176" classname="project.RegressionTest0" time="0"/>
  <testcase name="test177" classname="project.RegressionTest0" time="0"/>
  <testcase name="test178" classname="project.RegressionTest0" time="0"/>
  <testcase name="test179" classname="project.RegressionTest0" time="0"/>
  <testcase name="test180" classname="project.RegressionTest0" time="0"/>
  <testcase name="test181" classname="project.RegressionTest0" time="0"/>
  <testcase name="test182" classname="project.RegressionTest0" time="0"/>
  <testcase name="test183" classname="project.RegressionTest0" time="0"/>
  <testcase name="test184" classname="project.RegressionTest0" time="0"/>
  <testcase name="test185" classname="project.RegressionTest0" time="0"/>
  <testcase name="test186" classname="project.RegressionTest0" time="0.001"/>
  <testcase name="test187" classname="project.RegressionTest0" time="0"/>
  <testcase name="test188" classname="project.RegressionTest0" time="0"/>
  <testcase name="test189" classname="project.RegressionTest0" time="0"/>
  <testcase name="test190" classname="project.RegressionTest0" time="0"/>
  <testcase name="test191" classname="project.RegressionTest0" time="0"/>
  <testcase name="test192" classname="project.RegressionTest0" time="0"/>
  <testcase name="test193" classname="project.RegressionTest0" time="0"/>
  <testcase name="test194" classname="project.RegressionTest0" time="0.001"/>
  <testcase name="test195" classname="project.RegressionTest0" time="0"/>
  <testcase name="test196" classname="project.RegressionTest0" time="0"/>
  <testcase name="test197" classname="project.RegressionTest0" time="0"/>
  <testcase name="test198" classname="project.RegressionTest0" time="0"/>
  <testcase name="test199" classname="project.RegressionTest0" time="0"/>
  <testcase name="test200" classname="project.RegressionTest0" time="0"/>
  <testcase name="test201" classname="project.RegressionTest0" time="0"/>
  <testcase name="test202" classname="project.RegressionTest0" time="0"/>
  <testcase name="test203" classname="project.RegressionTest0" time="0"/>
  <testcase name="test204" classname="project.RegressionTest0" time="0"/>
  <testcase name="test205" classname="project.RegressionTest0" time="0"/>
  <testcase name="test206" classname="project.RegressionTest0" time="0"/>
  <testcase name="test207" classname="project.RegressionTest0" time="0"/>
  <testcase name="test208" classname="project.RegressionTest0" time="0"/>
  <testcase name="test209" classname="project.RegressionTest0" time="0"/>
  <testcase name="test210" classname="project.RegressionTest0" time="0"/>
  <testcase name="test211" classname="project.RegressionTest0" time="0.001"/>
  <testcase name="test212" classname="project.RegressionTest0" time="0"/>
  <testcase name="test213" classname="project.RegressionTest0" time="0"/>
  <testcase name="test214" classname="project.RegressionTest0" time="0"/>
  <testcase name="test215" classname="project.RegressionTest0" time="0"/>
  <testcase name="test216" classname="project.RegressionTest0" time="0"/>
  <testcase name="test217" classname="project.RegressionTest0" time="0"/>
  <testcase name="test218" classname="project.RegressionTest0" time="0.001"/>
  <testcase name="test219" classname="project.RegressionTest0" time="0"/>
  <testcase name="test220" classname="project.RegressionTest0" time="0"/>
  <testcase name="test221" classname="project.RegressionTest0" time="0"/>
  <testcase name="test222" classname="project.RegressionTest0" time="0"/>
  <testcase name="test223" classname="project.RegressionTest0" time="0"/>
  <testcase name="test224" classname="project.RegressionTest0" time="0"/>
  <testcase name="test225" classname="project.RegressionTest0" time="0.001"/>
  <testcase name="test226" classname="project.RegressionTest0" time="0"/>
  <testcase name="test227" classname="project.RegressionTest0" time="0"/>
  <testcase name="test228" classname="project.RegressionTest0" time="0"/>
  <testcase name="test229" classname="project.RegressionTest0" time="0"/>
  <testcase name="test230" classname="project.RegressionTest0" time="0"/>
  <testcase name="test231" classname="project.RegressionTest0" time="0"/>
  <testcase name="test232" classname="project.RegressionTest0" time="0"/>
  <testcase name="test233" classname="project.RegressionTest0" time="0"/>
  <testcase name="test234" classname="project.RegressionTest0" time="0"/>
  <testcase name="test235" classname="project.RegressionTest0" time="0"/>
  <testcase name="test236" classname="project.RegressionTest0" time="0"/>
  <testcase name="test237" classname="project.RegressionTest0" time="0"/>
  <testcase name="test238" classname="project.RegressionTest0" time="0"/>
  <testcase name="test239" classname="project.RegressionTest0" time="0.001"/>
  <testcase name="test240" classname="project.RegressionTest0" time="0"/>
  <testcase name="test241" classname="project.RegressionTest0" time="0"/>
  <testcase name="test242" classname="project.RegressionTest0" time="0"/>
  <testcase name="test243" classname="project.RegressionTest0" time="0.002"/>
  <testcase name="test244" classname="project.RegressionTest0" time="0"/>
  <testcase name="test245" classname="project.RegressionTest0" time="0"/>
  <testcase name="test246" classname="project.RegressionTest0" time="0"/>
  <testcase name="test247" classname="project.RegressionTest0" time="0.001"/>
  <testcase name="test248" classname="project.RegressionTest0" time="0"/>
  <testcase name="test249" classname="project.RegressionTest0" time="0"/>
  <testcase name="test250" classname="project.RegressionTest0" time="0"/>
  <testcase name="test251" classname="project.RegressionTest0" time="0"/>
  <testcase name="test252" classname="project.RegressionTest0" time="0"/>
  <testcase name="test253" classname="project.RegressionTest0" time="0"/>
  <testcase name="test254" classname="project.RegressionTest0" time="0"/>
  <testcase name="test255" classname="project.RegressionTest0" time="0.001"/>
  <testcase name="test256" classname="project.RegressionTest0" time="0"/>
  <testcase name="test257" classname="project.RegressionTest0" time="0"/>
  <testcase name="test258" classname="project.RegressionTest0" time="0"/>
  <testcase name="test259" classname="project.RegressionTest0" time="0"/>
  <testcase name="test260" classname="project.RegressionTest0" time="0"/>
  <testcase name="test261" classname="project.RegressionTest0" time="0.001"/>
  <testcase name="test262" classname="project.RegressionTest0" time="0"/>
  <testcase name="test263" classname="project.RegressionTest0" time="0"/>
  <testcase name="test264" classname="project.RegressionTest0" time="0"/>
  <testcase name="test265" classname="project.RegressionTest0" time="0"/>
  <testcase name="test266" classname="project.RegressionTest0" time="0"/>
  <testcase name="test267" classname="project.RegressionTest0" time="0"/>
  <testcase name="test268" classname="project.RegressionTest0" time="0"/>
  <testcase name="test269" classname="project.RegressionTest0" time="0.001"/>
  <testcase name="test270" classname="project.RegressionTest0" time="0"/>
  <testcase name="test271" classname="project.RegressionTest0" time="0"/>
  <testcase name="test272" classname="project.RegressionTest0" time="0"/>
  <testcase name="test273" classname="project.RegressionTest0" time="0"/>
  <testcase name="test274" classname="project.RegressionTest0" time="0"/>
  <testcase name="test275" classname="project.RegressionTest0" time="0"/>
  <testcase name="test276" classname="project.RegressionTest0" time="0"/>
  <testcase name="test277" classname="project.RegressionTest0" time="0"/>
  <testcase name="test278" classname="project.RegressionTest0" time="0"/>
  <testcase name="test279" classname="project.RegressionTest0" time="0.001"/>
  <testcase name="test280" classname="project.RegressionTest0" time="0"/>
  <testcase name="test281" classname="project.RegressionTest0" time="0"/>
  <testcase name="test282" classname="project.RegressionTest0" time="0"/>
  <testcase name="test283" classname="project.RegressionTest0" time="0"/>
  <testcase name="test284" classname="project.RegressionTest0" time="0"/>
  <testcase name="test285" classname="project.RegressionTest0" time="0"/>
  <testcase name="test286" classname="project.RegressionTest0" time="0"/>
  <testcase name="test287" classname="project.RegressionTest0" time="0"/>
  <testcase name="test288" classname="project.RegressionTest0" time="0.001"/>
  <testcase name="test289" classname="project.RegressionTest0" time="0"/>
  <testcase name="test290" classname="project.RegressionTest0" time="0"/>
  <testcase name="test291" classname="project.RegressionTest0" time="0"/>
  <testcase name="test292" classname="project.RegressionTest0" time="0"/>
  <testcase name="test293" classname="project.RegressionTest0" time="0"/>
  <testcase name="test294" classname="project.RegressionTest0" time="0"/>
  <testcase name="test295" classname="project.RegressionTest0" time="0"/>
  <testcase name="test296" classname="project.RegressionTest0" time="0"/>
  <testcase name="test297" classname="project.RegressionTest0" time="0"/>
  <testcase name="test298" classname="project.RegressionTest0" time="0"/>
  <testcase name="test299" classname="project.RegressionTest0" time="0.001"/>
  <testcase name="test300" classname="project.RegressionTest0" time="0"/>
  <testcase name="test301" classname="project.RegressionTest0" time="0"/>
  <testcase name="test302" classname="project.RegressionTest0" time="0"/>
  <testcase name="test303" classname="project.RegressionTest0" time="0"/>
  <testcase name="test304" classname="project.RegressionTest0" time="0"/>
  <testcase name="test305" classname="project.RegressionTest0" time="0"/>
  <testcase name="test306" classname="project.RegressionTest0" time="0"/>
  <testcase name="test307" classname="project.RegressionTest0" time="0"/>
  <testcase name="test308" classname="project.RegressionTest0" time="0"/>
  <testcase name="test309" classname="project.RegressionTest0" time="0"/>
  <testcase name="test310" classname="project.RegressionTest0" time="0"/>
  <testcase name="test311" classname="project.RegressionTest0" time="0.001"/>
  <testcase name="test312" classname="project.RegressionTest0" time="0"/>
  <testcase name="test313" classname="project.RegressionTest0" time="0"/>
  <testcase name="test314" classname="project.RegressionTest0" time="0"/>
  <testcase name="test315" classname="project.RegressionTest0" time="0"/>
  <testcase name="test316" classname="project.RegressionTest0" time="0"/>
  <testcase name="test317" classname="project.RegressionTest0" time="0"/>
  <testcase name="test318" classname="project.RegressionTest0" time="0"/>
  <testcase name="test319" classname="project.RegressionTest0" time="0"/>
  <testcase name="test320" classname="project.RegressionTest0" time="0.001"/>
  <testcase name="test321" classname="project.RegressionTest0" time="0"/>
  <testcase name="test322" classname="project.RegressionTest0" time="0"/>
  <testcase name="test323" classname="project.RegressionTest0" time="0"/>
  <testcase name="test324" classname="project.RegressionTest0" time="0"/>
  <testcase name="test325" classname="project.RegressionTest0" time="0"/>
  <testcase name="test326" classname="project.RegressionTest0" time="0"/>
  <testcase name="test327" classname="project.RegressionTest0" time="0"/>
  <testcase name="test328" classname="project.RegressionTest0" time="0"/>
  <testcase name="test329" classname="project.RegressionTest0" time="0"/>
  <testcase name="test330" classname="project.RegressionTest0" time="0"/>
  <testcase name="test331" classname="project.RegressionTest0" time="0"/>
  <testcase name="test332" classname="project.RegressionTest0" time="0"/>
  <testcase name="test333" classname="project.RegressionTest0" time="0"/>
  <testcase name="test334" classname="project.RegressionTest0" time="0"/>
  <testcase name="test335" classname="project.RegressionTest0" time="0"/>
  <testcase name="test336" classname="project.RegressionTest0" time="0"/>
  <testcase name="test337" classname="project.RegressionTest0" time="0.001"/>
  <testcase name="test338" classname="project.RegressionTest0" time="0"/>
  <testcase name="test339" classname="project.RegressionTest0" time="0"/>
  <testcase name="test340" classname="project.RegressionTest0" time="0"/>
  <testcase name="test341" classname="project.RegressionTest0" time="0"/>
  <testcase name="test342" classname="project.RegressionTest0" time="0"/>
  <testcase name="test343" classname="project.RegressionTest0" time="0"/>
  <testcase name="test344" classname="project.RegressionTest0" time="0"/>
  <testcase name="test345" classname="project.RegressionTest0" time="0"/>
  <testcase name="test346" classname="project.RegressionTest0" time="0"/>
  <testcase name="test347" classname="project.RegressionTest0" time="0"/>
  <testcase name="test348" classname="project.RegressionTest0" time="0"/>
  <testcase name="test349" classname="project.RegressionTest0" time="0.001"/>
  <testcase name="test350" classname="project.RegressionTest0" time="0"/>
  <testcase name="test351" classname="project.RegressionTest0" time="0"/>
  <testcase name="test352" classname="project.RegressionTest0" time="0"/>
  <testcase name="test353" classname="project.RegressionTest0" time="0"/>
  <testcase name="test354" classname="project.RegressionTest0" time="0"/>
  <testcase name="test355" classname="project.RegressionTest0" time="0"/>
  <testcase name="test356" classname="project.RegressionTest0" time="0"/>
  <testcase name="test357" classname="project.RegressionTest0" time="0"/>
  <testcase name="test358" classname="project.RegressionTest0" time="0"/>
  <testcase name="test359" classname="project.RegressionTest0" time="0.001"/>
  <testcase name="test360" classname="project.RegressionTest0" time="0"/>
  <testcase name="test361" classname="project.RegressionTest0" time="0"/>
  <testcase name="test362" classname="project.RegressionTest0" time="0"/>
  <testcase name="test363" classname="project.RegressionTest0" time="0"/>
  <testcase name="test364" classname="project.RegressionTest0" time="0"/>
  <testcase name="test365" classname="project.RegressionTest0" time="0"/>
  <testcase name="test366" classname="project.RegressionTest0" time="0"/>
  <testcase name="test367" classname="project.RegressionTest0" time="0"/>
  <testcase name="test368" classname="project.RegressionTest0" time="0"/>
  <testcase name="test369" classname="project.RegressionTest0" time="0"/>
  <testcase name="test370" classname="project.RegressionTest0" time="0"/>
  <testcase name="test371" classname="project.RegressionTest0" time="0.001"/>
  <testcase name="test372" classname="project.RegressionTest0" time="0"/>
  <testcase name="test373" classname="project.RegressionTest0" time="0"/>
  <testcase name="test374" classname="project.RegressionTest0" time="0"/>
  <testcase name="test375" classname="project.RegressionTest0" time="0"/>
  <testcase name="test376" classname="project.RegressionTest0" time="0"/>
  <testcase name="test377" classname="project.RegressionTest0" time="0"/>
  <testcase name="test378" classname="project.RegressionTest0" time="0"/>
  <testcase name="test379" classname="project.RegressionTest0" time="0"/>
  <testcase name="test380" classname="project.RegressionTest0" time="0"/>
  <testcase name="test381" classname="project.RegressionTest0" time="0.001"/>
  <testcase name="test382" classname="project.RegressionTest0" time="0"/>
  <testcase name="test383" classname="project.RegressionTest0" time="0"/>
  <testcase name="test384" classname="project.RegressionTest0" time="0"/>
  <testcase name="test385" classname="project.RegressionTest0" time="0"/>
  <testcase name="test386" classname="project.RegressionTest0" time="0"/>
  <testcase name="test387" classname="project.RegressionTest0" time="0"/>
  <testcase name="test388" classname="project.RegressionTest0" time="0"/>
  <testcase name="test389" classname="project.RegressionTest0" time="0"/>
  <testcase name="test390" classname="project.RegressionTest0" time="0"/>
  <testcase name="test391" classname="project.RegressionTest0" time="0.001"/>
  <testcase name="test392" classname="project.RegressionTest0" time="0"/>
  <testcase name="test393" classname="project.RegressionTest0" time="0"/>
  <testcase name="test394" classname="project.RegressionTest0" time="0"/>
  <testcase name="test395" classname="project.RegressionTest0" time="0"/>
  <testcase name="test396" classname="project.RegressionTest0" time="0"/>
  <testcase name="test397" classname="project.RegressionTest0" time="0"/>
  <testcase name="test398" classname="project.RegressionTest0" time="0"/>
  <testcase name="test399" classname="project.RegressionTest0" time="0"/>
  <testcase name="test400" classname="project.RegressionTest0" time="0"/>
  <testcase name="test401" classname="project.RegressionTest0" time="0"/>
  <testcase name="test402" classname="project.RegressionTest0" time="0"/>
  <testcase name="test403" classname="project.RegressionTest0" time="0"/>
  <testcase name="test404" classname="project.RegressionTest0" time="0"/>
  <testcase name="test405" classname="project.RegressionTest0" time="0"/>
  <testcase name="test406" classname="project.RegressionTest0" time="0"/>
  <testcase name="test407" classname="project.RegressionTest0" time="0.001"/>
  <testcase name="test408" classname="project.RegressionTest0" time="0"/>
  <testcase name="test409" classname="project.RegressionTest0" time="0"/>
  <testcase name="test410" classname="project.RegressionTest0" time="0"/>
  <testcase name="test411" classname="project.RegressionTest0" time="0"/>
  <testcase name="test412" classname="project.RegressionTest0" time="0"/>
  <testcase name="test413" classname="project.RegressionTest0" time="0"/>
  <testcase name="test414" classname="project.RegressionTest0" time="0"/>
  <testcase name="test415" classname="project.RegressionTest0" time="0"/>
  <testcase name="test416" classname="project.RegressionTest0" time="0"/>
  <testcase name="test417" classname="project.RegressionTest0" time="0"/>
  <testcase name="test418" classname="project.RegressionTest0" time="0"/>
  <testcase name="test419" classname="project.RegressionTest0" time="0"/>
  <testcase name="test420" classname="project.RegressionTest0" time="0.001"/>
  <testcase name="test421" classname="project.RegressionTest0" time="0"/>
  <testcase name="test422" classname="project.RegressionTest0" time="0"/>
  <testcase name="test423" classname="project.RegressionTest0" time="0"/>
  <testcase name="test424" classname="project.RegressionTest0" time="0"/>
  <testcase name="test425" classname="project.RegressionTest0" time="0"/>
  <testcase name="test426" classname="project.RegressionTest0" time="0"/>
  <testcase name="test427" classname="project.RegressionTest0" time="0"/>
  <testcase name="test428" classname="project.RegressionTest0" time="0"/>
  <testcase name="test429" classname="project.RegressionTest0" time="0"/>
  <testcase name="test430" classname="project.RegressionTest0" time="0"/>
  <testcase name="test431" classname="project.RegressionTest0" time="0"/>
  <testcase name="test432" classname="project.RegressionTest0" time="0"/>
  <testcase name="test433" classname="project.RegressionTest0" time="0.001"/>
  <testcase name="test434" classname="project.RegressionTest0" time="0"/>
  <testcase name="test435" classname="project.RegressionTest0" time="0"/>
  <testcase name="test436" classname="project.RegressionTest0" time="0"/>
  <testcase name="test437" classname="project.RegressionTest0" time="0"/>
  <testcase name="test438" classname="project.RegressionTest0" time="0"/>
  <testcase name="test439" classname="project.RegressionTest0" time="0"/>
  <testcase name="test440" classname="project.RegressionTest0" time="0"/>
  <testcase name="test441" classname="project.RegressionTest0" time="0"/>
  <testcase name="test442" classname="project.RegressionTest0" time="0"/>
  <testcase name="test443" classname="project.RegressionTest0" time="0"/>
  <testcase name="test444" classname="project.RegressionTest0" time="0"/>
  <testcase name="test445" classname="project.RegressionTest0" time="0"/>
  <testcase name="test446" classname="project.RegressionTest0" time="0"/>
  <testcase name="test447" classname="project.RegressionTest0" time="0"/>
  <testcase name="test448" classname="project.RegressionTest0" time="0"/>
  <testcase name="test449" classname="project.RegressionTest0" time="0.001"/>
  <testcase name="test450" classname="project.RegressionTest0" time="0"/>
  <testcase name="test451" classname="project.RegressionTest0" time="0"/>
  <testcase name="test452" classname="project.RegressionTest0" time="0"/>
  <testcase name="test453" classname="project.RegressionTest0" time="0"/>
  <testcase name="test454" classname="project.RegressionTest0" time="0"/>
  <testcase name="test455" classname="project.RegressionTest0" time="0"/>
  <testcase name="test456" classname="project.RegressionTest0" time="0"/>
  <testcase name="test457" classname="project.RegressionTest0" time="0"/>
  <testcase name="test458" classname="project.RegressionTest0" time="0"/>
  <testcase name="test459" classname="project.RegressionTest0" time="0"/>
  <testcase name="test460" classname="project.RegressionTest0" time="0"/>
  <testcase name="test461" classname="project.RegressionTest0" time="0"/>
  <testcase name="test462" classname="project.RegressionTest0" time="0"/>
  <testcase name="test463" classname="project.RegressionTest0" time="0.001"/>
  <testcase name="test464" classname="project.RegressionTest0" time="0"/>
  <testcase name="test465" classname="project.RegressionTest0" time="0"/>
  <testcase name="test466" classname="project.RegressionTest0" time="0"/>
  <testcase name="test467" classname="project.RegressionTest0" time="0"/>
  <testcase name="test468" classname="project.RegressionTest0" time="0"/>
  <testcase name="test469" classname="project.RegressionTest0" time="0"/>
  <testcase name="test470" classname="project.RegressionTest0" time="0"/>
  <testcase name="test471" classname="project.RegressionTest0" time="0"/>
  <testcase name="test472" classname="project.RegressionTest0" time="0"/>
  <testcase name="test473" classname="project.RegressionTest0" time="0"/>
  <testcase name="test474" classname="project.RegressionTest0" time="0"/>
  <testcase name="test475" classname="project.RegressionTest0" time="0"/>
  <testcase name="test476" classname="project.RegressionTest0" time="0"/>
  <testcase name="test477" classname="project.RegressionTest0" time="0"/>
  <testcase name="test478" classname="project.RegressionTest0" time="0"/>
  <testcase name="test479" classname="project.RegressionTest0" time="0"/>
  <testcase name="test480" classname="project.RegressionTest0" time="0"/>
  <testcase name="test481" classname="project.RegressionTest0" time="0"/>
  <testcase name="test482" classname="project.RegressionTest0" time="0"/>
  <testcase name="test483" classname="project.RegressionTest0" time="0"/>
  <testcase name="test484" classname="project.RegressionTest0" time="0"/>
  <testcase name="test485" classname="project.RegressionTest0" time="0"/>
  <testcase name="test486" classname="project.RegressionTest0" time="0"/>
  <testcase name="test487" classname="project.RegressionTest0" time="0"/>
  <testcase name="test488" classname="project.RegressionTest0" time="0"/>
  <testcase name="test489" classname="project.RegressionTest0" time="0.001"/>
  <testcase name="test490" classname="project.RegressionTest0" time="0"/>
  <testcase name="test491" classname="project.RegressionTest0" time="0"/>
  <testcase name="test492" classname="project.RegressionTest0" time="0"/>
  <testcase name="test493" classname="project.RegressionTest0" time="0"/>
  <testcase name="test494" classname="project.RegressionTest0" time="0"/>
  <testcase name="test495" classname="project.RegressionTest0" time="0"/>
  <testcase name="test496" classname="project.RegressionTest0" time="0"/>
  <testcase name="test497" classname="project.RegressionTest0" time="0"/>
  <testcase name="test498" classname="project.RegressionTest0" time="0"/>
  <testcase name="test499" classname="project.RegressionTest0" time="0"/>
  <testcase name="test500" classname="project.RegressionTest0" time="0"/>
  <testcase name="test501" classname="project.RegressionTest1" time="0"/>
  <testcase name="test502" classname="project.RegressionTest1" time="0"/>
  <testcase name="test503" classname="project.RegressionTest1" time="0"/>
  <testcase name="test504" classname="project.RegressionTest1" time="0"/>
  <testcase name="test505" classname="project.RegressionTest1" time="0"/>
  <testcase name="test506" classname="project.RegressionTest1" time="0"/>
  <testcase name="test507" classname="project.RegressionTest1" time="0"/>
  <testcase name="test508" classname="project.RegressionTest1" time="0"/>
  <testcase name="test509" classname="project.RegressionTest1" time="0"/>
  <testcase name="test510" classname="project.RegressionTest1" time="0"/>
  <testcase name="test511" classname="project.RegressionTest1" time="0"/>
  <testcase name="test512" classname="project.RegressionTest1" time="0.001"/>
  <testcase name="test513" classname="project.RegressionTest1" time="0"/>
  <testcase name="test514" classname="project.RegressionTest1" time="0"/>
  <testcase name="test515" classname="project.RegressionTest1" time="0.001"/>
  <testcase name="test516" classname="project.RegressionTest1" time="0"/>
  <testcase name="test517" classname="project.RegressionTest1" time="0"/>
  <testcase name="test518" classname="project.RegressionTest1" time="0"/>
  <testcase name="test519" classname="project.RegressionTest1" time="0"/>
  <testcase name="test520" classname="project.RegressionTest1" time="0"/>
  <testcase name="test521" classname="project.RegressionTest1" time="0"/>
  <testcase name="test522" classname="project.RegressionTest1" time="0"/>
  <testcase name="test523" classname="project.RegressionTest1" time="0"/>
  <testcase name="test524" classname="project.RegressionTest1" time="0"/>
  <testcase name="test525" classname="project.RegressionTest1" time="0"/>
  <testcase name="test526" classname="project.RegressionTest1" time="0"/>
  <testcase name="test527" classname="project.RegressionTest1" time="0"/>
  <testcase name="test528" classname="project.RegressionTest1" time="0"/>
  <testcase name="test529" classname="project.RegressionTest1" time="0.001"/>
  <testcase name="test530" classname="project.RegressionTest1" time="0"/>
  <testcase name="test531" classname="project.RegressionTest1" time="0"/>
  <testcase name="test532" classname="project.RegressionTest1" time="0"/>
</testsuite>